{"message":"db connected","level":"info"}
{"message":"db connected","level":"info"}
{"message":"db connected","level":"info"}
{"message":"db connected","level":"info"}
{"message":"db connected","level":"info"}
{"message":"db connected","level":"info"}
{"message":"db connected","level":"info"}
{"message":"db connected","level":"info"}
{"message":"db connected","level":"info"}
{"message":"db connected","level":"info"}
{"message":"db connected","level":"info"}
{"message":"db connected","level":"info"}
{"message":"db connected","level":"info"}
{"message":"db connected","level":"info"}
{"message":"db connected","level":"info"}
{"message":"db connected","level":"info"}
{"message":"db connected","level":"info"}
{"message":"db connected","level":"info"}
{"message":"db connected","level":"info"}
{"message":"db connected","level":"info"}
{"message":"db connected","level":"info"}
{"message":"db connected","level":"info"}
{"message":"db connected","level":"info"}
{"message":"db connected","level":"info"}
{"message":"db connected","level":"info"}
{"message":"db connected","level":"info"}
{"message":"db connected","level":"info"}
{"message":"db connected","level":"info"}
{"message":"db connected","level":"info"}
{"message":"db connected","level":"info"}
{"message":"db connected","level":"info"}
{"message":"db connected","level":"info"}
{"message":"db connected","level":"info"}
{"message":"db connected","level":"info"}
{"message":"db connected","level":"info"}
{"message":"db connected","level":"info"}
{"message":"db connected","level":"info"}
{"message":"db connected","level":"info"}
{"message":"db connected","level":"info"}
{"message":"db connected","level":"info"}
{"message":"db connected","level":"info"}
{"message":"db connected","level":"info"}
{"message":"db connected","level":"info"}
{"message":"db connected","level":"info"}
{"message":"db connected","level":"info"}
{"message":"db connected","level":"info"}
{"message":"db connected","level":"info"}
{"message":"db connected","level":"info"}
{"message":"db connected","level":"info"}
{"errors":{"courseId":{"stringValue":"\"123\"","valueType":"string","kind":"embedded","value":"123","path":"courseId","reason":{},"name":"CastError","message":"Cast to embedded failed for value \"123\" (type string) at path \"courseId\""},"studentId":{"stringValue":"\"123\"","valueType":"string","kind":"embedded","value":"123","path":"studentId","reason":{},"name":"CastError","message":"Cast to embedded failed for value \"123\" (type string) at path \"studentId\""},"description":{"name":"ValidatorError","message":"Path `description` is required.","properties":{"message":"Path `description` is required.","type":"required","path":"description"},"kind":"required","path":"description"}},"_message":"StudentPayments validation failed","level":"error","message":"StudentPayments validation failed: courseId: Cast to embedded failed for value \"123\" (type string) at path \"courseId\", studentId: Cast to embedded failed for value \"123\" (type string) at path \"studentId\", description: Path `description` is required. StudentPayments validation failed: courseId: Cast to embedded failed for value \"123\" (type string) at path \"courseId\", studentId: Cast to embedded failed for value \"123\" (type string) at path \"studentId\", description: Path `description` is required.","stack":"ValidationError: StudentPayments validation failed: courseId: Cast to embedded failed for value \"123\" (type string) at path \"courseId\", studentId: Cast to embedded failed for value \"123\" (type string) at path \"studentId\", description: Path `description` is required.\n    at model.Document.invalidate (E:\\Project\\UniProject\\second\\node_modules\\mongoose\\lib\\document.js:2729:32)\n    at model.$set (E:\\Project\\UniProject\\second\\node_modules\\mongoose\\lib\\document.js:1318:12)\n    at model.$set (E:\\Project\\UniProject\\second\\node_modules\\mongoose\\lib\\document.js:1022:16)\n    at model.Document (E:\\Project\\UniProject\\second\\node_modules\\mongoose\\lib\\document.js:147:12)\n    at model.Model (E:\\Project\\UniProject\\second\\node_modules\\mongoose\\lib\\model.js:105:12)\n    at new model (E:\\Project\\UniProject\\second\\node_modules\\mongoose\\lib\\model.js:4706:15)\n    at create (E:\\Project\\UniProject\\second\\app\\http\\controller\\PaymentController.js:26:16)\n    at newFn (E:\\Project\\UniProject\\second\\node_modules\\express-async-errors\\index.js:16:20)\n    at Layer.handle [as handle_request] (E:\\Project\\UniProject\\second\\node_modules\\express\\lib\\router\\layer.js:95:5)\n    at next (E:\\Project\\UniProject\\second\\node_modules\\express\\lib\\router\\route.js:137:13)\n    at Route.dispatch (E:\\Project\\UniProject\\second\\node_modules\\express\\lib\\router\\route.js:112:3)\n    at newFn (E:\\Project\\UniProject\\second\\node_modules\\express-async-errors\\index.js:16:20)\n    at Layer.handle [as handle_request] (E:\\Project\\UniProject\\second\\node_modules\\express\\lib\\router\\layer.js:95:5)\n    at E:\\Project\\UniProject\\second\\node_modules\\express\\lib\\router\\index.js:281:22\n    at Function.process_params (E:\\Project\\UniProject\\second\\node_modules\\express\\lib\\router\\index.js:335:12)\n    at next (E:\\Project\\UniProject\\second\\node_modules\\express\\lib\\router\\index.js:275:10)"}
{"message":"db connected","level":"info"}
{"message":"db connected","level":"info"}
{"errors":{"description":{"name":"ValidatorError","message":"Path `description` is required.","properties":{"message":"Path `description` is required.","type":"required","path":"description"},"kind":"required","path":"description"}},"_message":"StudentPayments validation failed","level":"error","message":"StudentPayments validation failed: description: Path `description` is required. StudentPayments validation failed: description: Path `description` is required.","stack":"ValidationError: StudentPayments validation failed: description: Path `description` is required.\n    at model.Document.invalidate (E:\\Project\\UniProject\\second\\node_modules\\mongoose\\lib\\document.js:2729:32)\n    at E:\\Project\\UniProject\\second\\node_modules\\mongoose\\lib\\document.js:2541:17\n    at E:\\Project\\UniProject\\second\\node_modules\\mongoose\\lib\\schematype.js:1255:9\n    at processTicksAndRejections (internal/process/task_queues.js:75:11)"}
{"message":"db connected","level":"info"}
{"message":"db connected","level":"info"}
{"message":"db connected","level":"info"}
{"message":"db connected","level":"info"}
{"message":"db connected","level":"info"}
{"message":"db connected","level":"info"}
{"message":"db connected","level":"info"}
{"message":"db connected","level":"info"}
{"message":"db connected","level":"info"}
{"message":"db connected","level":"info"}
{"message":"db connected","level":"info"}
{"message":"db connected","level":"info"}
{"message":"db connected","level":"info"}
{"message":"db connected","level":"info"}
{"message":"db connected","level":"info"}
{"message":"db connected","level":"info"}
{"message":"db connected","level":"info"}
{"message":"db connected","level":"info"}
{"message":"db connected","level":"info"}
{"message":"db connected","level":"info"}
{"level":"error","message":"req is not defined req is not defined","stack":"ReferenceError: req is not defined\n    at login (E:\\Project\\UniProject\\second\\app\\http\\controller\\PaymentController.js:76:38)\n    at newFn (E:\\Project\\UniProject\\second\\node_modules\\express-async-errors\\index.js:16:20)\n    at Layer.handle [as handle_request] (E:\\Project\\UniProject\\second\\node_modules\\express\\lib\\router\\layer.js:95:5)\n    at next (E:\\Project\\UniProject\\second\\node_modules\\express\\lib\\router\\route.js:137:13)\n    at Route.dispatch (E:\\Project\\UniProject\\second\\node_modules\\express\\lib\\router\\route.js:112:3)\n    at newFn (E:\\Project\\UniProject\\second\\node_modules\\express-async-errors\\index.js:16:20)\n    at Layer.handle [as handle_request] (E:\\Project\\UniProject\\second\\node_modules\\express\\lib\\router\\layer.js:95:5)\n    at E:\\Project\\UniProject\\second\\node_modules\\express\\lib\\router\\index.js:281:22\n    at Function.process_params (E:\\Project\\UniProject\\second\\node_modules\\express\\lib\\router\\index.js:335:12)\n    at next (E:\\Project\\UniProject\\second\\node_modules\\express\\lib\\router\\index.js:275:10)\n    at Function.handle (E:\\Project\\UniProject\\second\\node_modules\\express\\lib\\router\\index.js:174:3)\n    at router (E:\\Project\\UniProject\\second\\node_modules\\express\\lib\\router\\index.js:47:12)\n    at newFn (E:\\Project\\UniProject\\second\\node_modules\\express-async-errors\\index.js:16:20)\n    at Layer.handle [as handle_request] (E:\\Project\\UniProject\\second\\node_modules\\express\\lib\\router\\layer.js:95:5)\n    at trim_prefix (E:\\Project\\UniProject\\second\\node_modules\\express\\lib\\router\\index.js:317:13)\n    at E:\\Project\\UniProject\\second\\node_modules\\express\\lib\\router\\index.js:284:7"}
{"level":"error","message":"req is not defined req is not defined","stack":"ReferenceError: req is not defined\n    at login (E:\\Project\\UniProject\\second\\app\\http\\controller\\PaymentController.js:76:38)\n    at newFn (E:\\Project\\UniProject\\second\\node_modules\\express-async-errors\\index.js:16:20)\n    at Layer.handle [as handle_request] (E:\\Project\\UniProject\\second\\node_modules\\express\\lib\\router\\layer.js:95:5)\n    at next (E:\\Project\\UniProject\\second\\node_modules\\express\\lib\\router\\route.js:137:13)\n    at Route.dispatch (E:\\Project\\UniProject\\second\\node_modules\\express\\lib\\router\\route.js:112:3)\n    at newFn (E:\\Project\\UniProject\\second\\node_modules\\express-async-errors\\index.js:16:20)\n    at Layer.handle [as handle_request] (E:\\Project\\UniProject\\second\\node_modules\\express\\lib\\router\\layer.js:95:5)\n    at E:\\Project\\UniProject\\second\\node_modules\\express\\lib\\router\\index.js:281:22\n    at Function.process_params (E:\\Project\\UniProject\\second\\node_modules\\express\\lib\\router\\index.js:335:12)\n    at next (E:\\Project\\UniProject\\second\\node_modules\\express\\lib\\router\\index.js:275:10)\n    at Function.handle (E:\\Project\\UniProject\\second\\node_modules\\express\\lib\\router\\index.js:174:3)\n    at router (E:\\Project\\UniProject\\second\\node_modules\\express\\lib\\router\\index.js:47:12)\n    at newFn (E:\\Project\\UniProject\\second\\node_modules\\express-async-errors\\index.js:16:20)\n    at Layer.handle [as handle_request] (E:\\Project\\UniProject\\second\\node_modules\\express\\lib\\router\\layer.js:95:5)\n    at trim_prefix (E:\\Project\\UniProject\\second\\node_modules\\express\\lib\\router\\index.js:317:13)\n    at E:\\Project\\UniProject\\second\\node_modules\\express\\lib\\router\\index.js:284:7"}
{"level":"error","message":"req is not defined req is not defined","stack":"ReferenceError: req is not defined\n    at login (E:\\Project\\UniProject\\second\\app\\http\\controller\\PaymentController.js:76:38)\n    at newFn (E:\\Project\\UniProject\\second\\node_modules\\express-async-errors\\index.js:16:20)\n    at Layer.handle [as handle_request] (E:\\Project\\UniProject\\second\\node_modules\\express\\lib\\router\\layer.js:95:5)\n    at next (E:\\Project\\UniProject\\second\\node_modules\\express\\lib\\router\\route.js:137:13)\n    at Route.dispatch (E:\\Project\\UniProject\\second\\node_modules\\express\\lib\\router\\route.js:112:3)\n    at newFn (E:\\Project\\UniProject\\second\\node_modules\\express-async-errors\\index.js:16:20)\n    at Layer.handle [as handle_request] (E:\\Project\\UniProject\\second\\node_modules\\express\\lib\\router\\layer.js:95:5)\n    at E:\\Project\\UniProject\\second\\node_modules\\express\\lib\\router\\index.js:281:22\n    at Function.process_params (E:\\Project\\UniProject\\second\\node_modules\\express\\lib\\router\\index.js:335:12)\n    at next (E:\\Project\\UniProject\\second\\node_modules\\express\\lib\\router\\index.js:275:10)\n    at Function.handle (E:\\Project\\UniProject\\second\\node_modules\\express\\lib\\router\\index.js:174:3)\n    at router (E:\\Project\\UniProject\\second\\node_modules\\express\\lib\\router\\index.js:47:12)\n    at newFn (E:\\Project\\UniProject\\second\\node_modules\\express-async-errors\\index.js:16:20)\n    at Layer.handle [as handle_request] (E:\\Project\\UniProject\\second\\node_modules\\express\\lib\\router\\layer.js:95:5)\n    at trim_prefix (E:\\Project\\UniProject\\second\\node_modules\\express\\lib\\router\\index.js:317:13)\n    at E:\\Project\\UniProject\\second\\node_modules\\express\\lib\\router\\index.js:284:7"}
{"level":"error","message":"req is not defined req is not defined","stack":"ReferenceError: req is not defined\n    at login (E:\\Project\\UniProject\\second\\app\\http\\controller\\PaymentController.js:76:38)\n    at newFn (E:\\Project\\UniProject\\second\\node_modules\\express-async-errors\\index.js:16:20)\n    at Layer.handle [as handle_request] (E:\\Project\\UniProject\\second\\node_modules\\express\\lib\\router\\layer.js:95:5)\n    at next (E:\\Project\\UniProject\\second\\node_modules\\express\\lib\\router\\route.js:137:13)\n    at Route.dispatch (E:\\Project\\UniProject\\second\\node_modules\\express\\lib\\router\\route.js:112:3)\n    at newFn (E:\\Project\\UniProject\\second\\node_modules\\express-async-errors\\index.js:16:20)\n    at Layer.handle [as handle_request] (E:\\Project\\UniProject\\second\\node_modules\\express\\lib\\router\\layer.js:95:5)\n    at E:\\Project\\UniProject\\second\\node_modules\\express\\lib\\router\\index.js:281:22\n    at Function.process_params (E:\\Project\\UniProject\\second\\node_modules\\express\\lib\\router\\index.js:335:12)\n    at next (E:\\Project\\UniProject\\second\\node_modules\\express\\lib\\router\\index.js:275:10)\n    at Function.handle (E:\\Project\\UniProject\\second\\node_modules\\express\\lib\\router\\index.js:174:3)\n    at router (E:\\Project\\UniProject\\second\\node_modules\\express\\lib\\router\\index.js:47:12)\n    at newFn (E:\\Project\\UniProject\\second\\node_modules\\express-async-errors\\index.js:16:20)\n    at Layer.handle [as handle_request] (E:\\Project\\UniProject\\second\\node_modules\\express\\lib\\router\\layer.js:95:5)\n    at trim_prefix (E:\\Project\\UniProject\\second\\node_modules\\express\\lib\\router\\index.js:317:13)\n    at E:\\Project\\UniProject\\second\\node_modules\\express\\lib\\router\\index.js:284:7"}
{"level":"error","message":"req is not defined req is not defined","stack":"ReferenceError: req is not defined\n    at login (E:\\Project\\UniProject\\second\\app\\http\\controller\\PaymentController.js:76:38)\n    at newFn (E:\\Project\\UniProject\\second\\node_modules\\express-async-errors\\index.js:16:20)\n    at Layer.handle [as handle_request] (E:\\Project\\UniProject\\second\\node_modules\\express\\lib\\router\\layer.js:95:5)\n    at next (E:\\Project\\UniProject\\second\\node_modules\\express\\lib\\router\\route.js:137:13)\n    at Route.dispatch (E:\\Project\\UniProject\\second\\node_modules\\express\\lib\\router\\route.js:112:3)\n    at newFn (E:\\Project\\UniProject\\second\\node_modules\\express-async-errors\\index.js:16:20)\n    at Layer.handle [as handle_request] (E:\\Project\\UniProject\\second\\node_modules\\express\\lib\\router\\layer.js:95:5)\n    at E:\\Project\\UniProject\\second\\node_modules\\express\\lib\\router\\index.js:281:22\n    at Function.process_params (E:\\Project\\UniProject\\second\\node_modules\\express\\lib\\router\\index.js:335:12)\n    at next (E:\\Project\\UniProject\\second\\node_modules\\express\\lib\\router\\index.js:275:10)\n    at Function.handle (E:\\Project\\UniProject\\second\\node_modules\\express\\lib\\router\\index.js:174:3)\n    at router (E:\\Project\\UniProject\\second\\node_modules\\express\\lib\\router\\index.js:47:12)\n    at newFn (E:\\Project\\UniProject\\second\\node_modules\\express-async-errors\\index.js:16:20)\n    at Layer.handle [as handle_request] (E:\\Project\\UniProject\\second\\node_modules\\express\\lib\\router\\layer.js:95:5)\n    at trim_prefix (E:\\Project\\UniProject\\second\\node_modules\\express\\lib\\router\\index.js:317:13)\n    at E:\\Project\\UniProject\\second\\node_modules\\express\\lib\\router\\index.js:284:7"}
{"message":"db connected","level":"info"}
{"level":"error","message":"req is not defined req is not defined","stack":"ReferenceError: req is not defined\n    at login (E:\\Project\\UniProject\\second\\app\\http\\controller\\PaymentController.js:76:38)\n    at newFn (E:\\Project\\UniProject\\second\\node_modules\\express-async-errors\\index.js:16:20)\n    at Layer.handle [as handle_request] (E:\\Project\\UniProject\\second\\node_modules\\express\\lib\\router\\layer.js:95:5)\n    at next (E:\\Project\\UniProject\\second\\node_modules\\express\\lib\\router\\route.js:137:13)\n    at Route.dispatch (E:\\Project\\UniProject\\second\\node_modules\\express\\lib\\router\\route.js:112:3)\n    at newFn (E:\\Project\\UniProject\\second\\node_modules\\express-async-errors\\index.js:16:20)\n    at Layer.handle [as handle_request] (E:\\Project\\UniProject\\second\\node_modules\\express\\lib\\router\\layer.js:95:5)\n    at E:\\Project\\UniProject\\second\\node_modules\\express\\lib\\router\\index.js:281:22\n    at Function.process_params (E:\\Project\\UniProject\\second\\node_modules\\express\\lib\\router\\index.js:335:12)\n    at next (E:\\Project\\UniProject\\second\\node_modules\\express\\lib\\router\\index.js:275:10)\n    at Function.handle (E:\\Project\\UniProject\\second\\node_modules\\express\\lib\\router\\index.js:174:3)\n    at router (E:\\Project\\UniProject\\second\\node_modules\\express\\lib\\router\\index.js:47:12)\n    at newFn (E:\\Project\\UniProject\\second\\node_modules\\express-async-errors\\index.js:16:20)\n    at Layer.handle [as handle_request] (E:\\Project\\UniProject\\second\\node_modules\\express\\lib\\router\\layer.js:95:5)\n    at trim_prefix (E:\\Project\\UniProject\\second\\node_modules\\express\\lib\\router\\index.js:317:13)\n    at E:\\Project\\UniProject\\second\\node_modules\\express\\lib\\router\\index.js:284:7"}
{"message":"db connected","level":"info"}
{"level":"error","message":"user is not defined user is not defined","stack":"ReferenceError: user is not defined\n    at login (E:\\Project\\UniProject\\second\\app\\http\\controller\\PaymentController.js:81:64)\n    at processTicksAndRejections (internal/process/task_queues.js:93:5)"}
{"level":"error","message":"user is not defined user is not defined","stack":"ReferenceError: user is not defined\n    at login (E:\\Project\\UniProject\\second\\app\\http\\controller\\PaymentController.js:81:64)\n    at processTicksAndRejections (internal/process/task_queues.js:93:5)"}
{"message":"db connected","level":"info"}
{"level":"error","message":"user is not defined user is not defined","stack":"ReferenceError: user is not defined\n    at login (E:\\Project\\UniProject\\second\\app\\http\\controller\\PaymentController.js:83:19)"}
{"message":"db connected","level":"info"}
{"message":"db connected","level":"info"}
{"message":"db connected","level":"info"}
{"message":"db connected","level":"info"}
{"message":"db connected","level":"info"}
{"message":"db connected","level":"info"}
{"message":"db connected","level":"info"}
{"message":"db connected","level":"info"}
{"message":"db connected","level":"info"}
{"message":"db connected","level":"info"}
{"message":"db connected","level":"info"}
{"message":"db connected","level":"info"}
{"message":"db connected","level":"info"}
{"message":"db connected","level":"info"}
{"message":"db connected","level":"info"}
{"message":"db connected","level":"info"}
{"message":"db connected","level":"info"}
{"message":"db connected","level":"info"}
{"message":"db connected","level":"info"}
{"message":"db connected","level":"info"}
{"message":"db connected","level":"info"}
{"stringValue":"\"getCourseList\"","kind":"ObjectId","value":"getCourseList","path":"_id","reason":{},"valueType":"string","level":"error","message":"Cast to ObjectId failed for value \"getCourseList\" (type string) at path \"_id\" for model \"StudentPayments\" Cast to ObjectId failed for value \"getCourseList\" (type string) at path \"_id\" for model \"StudentPayments\"","stack":"CastError: Cast to ObjectId failed for value \"getCourseList\" (type string) at path \"_id\" for model \"StudentPayments\"\n    at model.Query.exec (E:\\Project\\UniProject\\second\\node_modules\\mongoose\\lib\\query.js:4473:21)\n    at model.Query.Query.then (E:\\Project\\UniProject\\second\\node_modules\\mongoose\\lib\\query.js:4567:15)"}
{"stringValue":"\"getCourseList\"","kind":"ObjectId","value":"getCourseList","path":"_id","reason":{},"valueType":"string","level":"error","message":"Cast to ObjectId failed for value \"getCourseList\" (type string) at path \"_id\" for model \"StudentPayments\" Cast to ObjectId failed for value \"getCourseList\" (type string) at path \"_id\" for model \"StudentPayments\"","stack":"CastError: Cast to ObjectId failed for value \"getCourseList\" (type string) at path \"_id\" for model \"StudentPayments\"\n    at model.Query.exec (E:\\Project\\UniProject\\second\\node_modules\\mongoose\\lib\\query.js:4473:21)\n    at model.Query.Query.then (E:\\Project\\UniProject\\second\\node_modules\\mongoose\\lib\\query.js:4567:15)"}
{"message":"db connected","level":"info"}
{"message":"db connected","level":"info"}
{"message":"db connected","level":"info"}
{"message":"db connected","level":"info"}
{"message":"db connected","level":"info"}
{"message":"db connected","level":"info"}
{"message":"db connected","level":"info"}
{"stringValue":"\"login\"","kind":"ObjectId","value":"login","path":"_id","reason":{},"valueType":"string","level":"error","message":"Cast to ObjectId failed for value \"login\" (type string) at path \"_id\" for model \"StudentPayments\" Cast to ObjectId failed for value \"login\" (type string) at path \"_id\" for model \"StudentPayments\"","stack":"CastError: Cast to ObjectId failed for value \"login\" (type string) at path \"_id\" for model \"StudentPayments\"\n    at model.Query.exec (E:\\Project\\UniProject\\second\\node_modules\\mongoose\\lib\\query.js:4473:21)\n    at model.Query.Query.then (E:\\Project\\UniProject\\second\\node_modules\\mongoose\\lib\\query.js:4567:15)"}
{"message":"db connected","level":"info"}
{"stringValue":"\"login\"","kind":"ObjectId","value":"login","path":"_id","reason":{},"valueType":"string","level":"error","message":"Cast to ObjectId failed for value \"login\" (type string) at path \"_id\" for model \"StudentPayments\" Cast to ObjectId failed for value \"login\" (type string) at path \"_id\" for model \"StudentPayments\"","stack":"CastError: Cast to ObjectId failed for value \"login\" (type string) at path \"_id\" for model \"StudentPayments\"\n    at model.Query.exec (E:\\Project\\UniProject\\second\\node_modules\\mongoose\\lib\\query.js:4473:21)\n    at model.Query.Query.then (E:\\Project\\UniProject\\second\\node_modules\\mongoose\\lib\\query.js:4567:15)"}
{"stringValue":"\"login\"","kind":"ObjectId","value":"login","path":"_id","reason":{},"valueType":"string","level":"error","message":"Cast to ObjectId failed for value \"login\" (type string) at path \"_id\" for model \"StudentPayments\" Cast to ObjectId failed for value \"login\" (type string) at path \"_id\" for model \"StudentPayments\"","stack":"CastError: Cast to ObjectId failed for value \"login\" (type string) at path \"_id\" for model \"StudentPayments\"\n    at model.Query.exec (E:\\Project\\UniProject\\second\\node_modules\\mongoose\\lib\\query.js:4473:21)\n    at model.Query.Query.then (E:\\Project\\UniProject\\second\\node_modules\\mongoose\\lib\\query.js:4567:15)"}
{"message":"db connected","level":"info"}
{"stringValue":"\"login\"","kind":"ObjectId","value":"login","path":"_id","reason":{},"valueType":"string","level":"error","message":"Cast to ObjectId failed for value \"login\" (type string) at path \"_id\" for model \"StudentPayments\" Cast to ObjectId failed for value \"login\" (type string) at path \"_id\" for model \"StudentPayments\"","stack":"CastError: Cast to ObjectId failed for value \"login\" (type string) at path \"_id\" for model \"StudentPayments\"\n    at model.Query.exec (E:\\Project\\UniProject\\second\\node_modules\\mongoose\\lib\\query.js:4473:21)\n    at model.Query.Query.then (E:\\Project\\UniProject\\second\\node_modules\\mongoose\\lib\\query.js:4567:15)"}
{"message":"db connected","level":"info"}
{"stringValue":"\"login\"","kind":"ObjectId","value":"login","path":"_id","reason":{},"valueType":"string","level":"error","message":"Cast to ObjectId failed for value \"login\" (type string) at path \"_id\" for model \"StudentPayments\" Cast to ObjectId failed for value \"login\" (type string) at path \"_id\" for model \"StudentPayments\"","stack":"CastError: Cast to ObjectId failed for value \"login\" (type string) at path \"_id\" for model \"StudentPayments\"\n    at model.Query.exec (E:\\Project\\UniProject\\second\\node_modules\\mongoose\\lib\\query.js:4473:21)\n    at model.Query.Query.then (E:\\Project\\UniProject\\second\\node_modules\\mongoose\\lib\\query.js:4567:15)"}
{"stringValue":"\"login\"","kind":"ObjectId","value":"login","path":"_id","reason":{},"valueType":"string","level":"error","message":"Cast to ObjectId failed for value \"login\" (type string) at path \"_id\" for model \"StudentPayments\" Cast to ObjectId failed for value \"login\" (type string) at path \"_id\" for model \"StudentPayments\"","stack":"CastError: Cast to ObjectId failed for value \"login\" (type string) at path \"_id\" for model \"StudentPayments\"\n    at model.Query.exec (E:\\Project\\UniProject\\second\\node_modules\\mongoose\\lib\\query.js:4473:21)\n    at model.Query.Query.then (E:\\Project\\UniProject\\second\\node_modules\\mongoose\\lib\\query.js:4567:15)"}
{"message":"db connected","level":"info"}
{"message":"db connected","level":"info"}
{"message":"db connected","level":"info"}
{"message":"db connected","level":"info"}
{"message":"db connected","level":"info"}
{"message":"db connected","level":"info"}
{"message":"db connected","level":"info"}
{"message":"db connected","level":"info"}
{"message":"db connected","level":"info"}
{"message":"db connected","level":"info"}
{"message":"db connected","level":"info"}
{"message":"db connected","level":"info"}
{"message":"db connected","level":"info"}
{"message":"db connected","level":"info"}
{"message":"db connected","level":"info"}
{"message":"db connected","level":"info"}
{"message":"db connected","level":"info"}
{"message":"db connected","level":"info"}
{"message":"db connected","level":"info"}
{"stringValue":"\"register\"","kind":"ObjectId","value":"register","path":"_id","reason":{},"valueType":"string","level":"error","message":"Cast to ObjectId failed for value \"register\" (type string) at path \"_id\" for model \"StudentPayments\" Cast to ObjectId failed for value \"register\" (type string) at path \"_id\" for model \"StudentPayments\"","stack":"CastError: Cast to ObjectId failed for value \"register\" (type string) at path \"_id\" for model \"StudentPayments\"\n    at model.Query.exec (E:\\Project\\UniProject\\second\\node_modules\\mongoose\\lib\\query.js:4473:21)\n    at model.Query.Query.then (E:\\Project\\UniProject\\second\\node_modules\\mongoose\\lib\\query.js:4567:15)"}
{"message":"db connected","level":"info"}
{"message":"db connected","level":"info"}
{"message":"db connected","level":"info"}
{"message":"db connected","level":"info"}
{"message":"db connected","level":"info"}
{"message":"db connected","level":"info"}
{"level":"error","message":"data and salt arguments required data and salt arguments required","stack":"Error: data and salt arguments required\n    at Object.hash (E:\\Project\\UniProject\\second\\node_modules\\bcrypt\\bcrypt.js:137:17)\n    at E:\\Project\\UniProject\\second\\node_modules\\bcrypt\\promises.js:29:12\n    at new Promise (<anonymous>)\n    at Object.module.exports.promise (E:\\Project\\UniProject\\second\\node_modules\\bcrypt\\promises.js:20:12)\n    at Object.hash (E:\\Project\\UniProject\\second\\node_modules\\bcrypt\\bcrypt.js:133:25)\n    at create (E:\\Project\\UniProject\\second\\app\\http\\controller\\PaymentController.js:39:48)"}
{"message":"db connected","level":"info"}
{"level":"error","message":"data and salt arguments required data and salt arguments required","stack":"Error: data and salt arguments required\n    at Object.hash (E:\\Project\\UniProject\\second\\node_modules\\bcrypt\\bcrypt.js:137:17)\n    at E:\\Project\\UniProject\\second\\node_modules\\bcrypt\\promises.js:29:12\n    at new Promise (<anonymous>)\n    at Object.module.exports.promise (E:\\Project\\UniProject\\second\\node_modules\\bcrypt\\promises.js:20:12)\n    at Object.hash (E:\\Project\\UniProject\\second\\node_modules\\bcrypt\\bcrypt.js:133:25)\n    at create (E:\\Project\\UniProject\\second\\app\\http\\controller\\PaymentController.js:39:48)"}
{"level":"error","message":"data and salt arguments required data and salt arguments required","stack":"Error: data and salt arguments required\n    at Object.hash (E:\\Project\\UniProject\\second\\node_modules\\bcrypt\\bcrypt.js:137:17)\n    at E:\\Project\\UniProject\\second\\node_modules\\bcrypt\\promises.js:29:12\n    at new Promise (<anonymous>)\n    at Object.module.exports.promise (E:\\Project\\UniProject\\second\\node_modules\\bcrypt\\promises.js:20:12)\n    at Object.hash (E:\\Project\\UniProject\\second\\node_modules\\bcrypt\\bcrypt.js:133:25)\n    at create (E:\\Project\\UniProject\\second\\app\\http\\controller\\PaymentController.js:39:48)"}
{"level":"error","message":"data and salt arguments required data and salt arguments required","stack":"Error: data and salt arguments required\n    at Object.hash (E:\\Project\\UniProject\\second\\node_modules\\bcrypt\\bcrypt.js:137:17)\n    at E:\\Project\\UniProject\\second\\node_modules\\bcrypt\\promises.js:29:12\n    at new Promise (<anonymous>)\n    at Object.module.exports.promise (E:\\Project\\UniProject\\second\\node_modules\\bcrypt\\promises.js:20:12)\n    at Object.hash (E:\\Project\\UniProject\\second\\node_modules\\bcrypt\\bcrypt.js:133:25)\n    at create (E:\\Project\\UniProject\\second\\app\\http\\controller\\PaymentController.js:39:48)"}
{"level":"error","message":"data and salt arguments required data and salt arguments required","stack":"Error: data and salt arguments required\n    at Object.hash (E:\\Project\\UniProject\\second\\node_modules\\bcrypt\\bcrypt.js:137:17)\n    at E:\\Project\\UniProject\\second\\node_modules\\bcrypt\\promises.js:29:12\n    at new Promise (<anonymous>)\n    at Object.module.exports.promise (E:\\Project\\UniProject\\second\\node_modules\\bcrypt\\promises.js:20:12)\n    at Object.hash (E:\\Project\\UniProject\\second\\node_modules\\bcrypt\\bcrypt.js:133:25)\n    at create (E:\\Project\\UniProject\\second\\app\\http\\controller\\PaymentController.js:39:48)"}
{"level":"error","message":"data and salt arguments required data and salt arguments required","stack":"Error: data and salt arguments required\n    at Object.hash (E:\\Project\\UniProject\\second\\node_modules\\bcrypt\\bcrypt.js:137:17)\n    at E:\\Project\\UniProject\\second\\node_modules\\bcrypt\\promises.js:29:12\n    at new Promise (<anonymous>)\n    at Object.module.exports.promise (E:\\Project\\UniProject\\second\\node_modules\\bcrypt\\promises.js:20:12)\n    at Object.hash (E:\\Project\\UniProject\\second\\node_modules\\bcrypt\\bcrypt.js:133:25)\n    at create (E:\\Project\\UniProject\\second\\app\\http\\controller\\PaymentController.js:39:48)"}
{"message":"db connected","level":"info"}
{"level":"error","message":"data and salt arguments required data and salt arguments required","stack":"Error: data and salt arguments required\n    at Object.hash (E:\\Project\\UniProject\\second\\node_modules\\bcrypt\\bcrypt.js:137:17)\n    at E:\\Project\\UniProject\\second\\node_modules\\bcrypt\\promises.js:29:12\n    at new Promise (<anonymous>)\n    at Object.module.exports.promise (E:\\Project\\UniProject\\second\\node_modules\\bcrypt\\promises.js:20:12)\n    at Object.hash (E:\\Project\\UniProject\\second\\node_modules\\bcrypt\\bcrypt.js:133:25)\n    at create (E:\\Project\\UniProject\\second\\app\\http\\controller\\PaymentController.js:39:48)"}
{"message":"db connected","level":"info"}
{"message":"db connected","level":"info"}
{"stringValue":"\"pay\"","kind":"ObjectId","value":"pay","path":"_id","reason":{},"valueType":"string","level":"error","message":"Cast to ObjectId failed for value \"pay\" (type string) at path \"_id\" for model \"StudentPayments\" Cast to ObjectId failed for value \"pay\" (type string) at path \"_id\" for model \"StudentPayments\"","stack":"CastError: Cast to ObjectId failed for value \"pay\" (type string) at path \"_id\" for model \"StudentPayments\"\n    at model.Query.exec (E:\\Project\\UniProject\\second\\node_modules\\mongoose\\lib\\query.js:4473:21)\n    at model.Query.Query.then (E:\\Project\\UniProject\\second\\node_modules\\mongoose\\lib\\query.js:4567:15)"}
{"message":"db connected","level":"info"}
{"message":"db connected","level":"info"}
{"message":"db connected","level":"info"}
{"message":"db connected","level":"info"}
{"message":"db connected","level":"info"}
{"level":"error","message":"res.save is not a function res.save is not a function","stack":"TypeError: res.save is not a function\n    at create (E:\\Project\\UniProject\\second\\app\\http\\controller\\PaymentController.js:41:15)\n    at newFn (E:\\Project\\UniProject\\second\\node_modules\\express-async-errors\\index.js:16:20)\n    at Layer.handle [as handle_request] (E:\\Project\\UniProject\\second\\node_modules\\express\\lib\\router\\layer.js:95:5)\n    at next (E:\\Project\\UniProject\\second\\node_modules\\express\\lib\\router\\route.js:137:13)\n    at Route.dispatch (E:\\Project\\UniProject\\second\\node_modules\\express\\lib\\router\\route.js:112:3)\n    at newFn (E:\\Project\\UniProject\\second\\node_modules\\express-async-errors\\index.js:16:20)\n    at Layer.handle [as handle_request] (E:\\Project\\UniProject\\second\\node_modules\\express\\lib\\router\\layer.js:95:5)\n    at E:\\Project\\UniProject\\second\\node_modules\\express\\lib\\router\\index.js:281:22\n    at Function.process_params (E:\\Project\\UniProject\\second\\node_modules\\express\\lib\\router\\index.js:335:12)\n    at next (E:\\Project\\UniProject\\second\\node_modules\\express\\lib\\router\\index.js:275:10)\n    at Function.handle (E:\\Project\\UniProject\\second\\node_modules\\express\\lib\\router\\index.js:174:3)\n    at router (E:\\Project\\UniProject\\second\\node_modules\\express\\lib\\router\\index.js:47:12)\n    at newFn (E:\\Project\\UniProject\\second\\node_modules\\express-async-errors\\index.js:16:20)\n    at Layer.handle [as handle_request] (E:\\Project\\UniProject\\second\\node_modules\\express\\lib\\router\\layer.js:95:5)\n    at trim_prefix (E:\\Project\\UniProject\\second\\node_modules\\express\\lib\\router\\index.js:317:13)\n    at E:\\Project\\UniProject\\second\\node_modules\\express\\lib\\router\\index.js:284:7"}
{"message":"db connected","level":"info"}
{"message":"db connected","level":"info"}
{"message":"db connected","level":"info"}
{"message":"db connected","level":"info"}
{"message":"db connected","level":"info"}
{"message":"db connected","level":"info"}
{"message":"db connected","level":"info"}
{"message":"db connected","level":"info"}
{"message":"db connected","level":"info"}
{"level":"error","message":"CourseModel.find is not a function CourseModel.find is not a function","stack":"TypeError: CourseModel.find is not a function\n    at getList (E:\\Project\\UniProject\\second\\app\\http\\controller\\CourseController.js:8:36)\n    at newFn (E:\\Project\\UniProject\\second\\node_modules\\express-async-errors\\index.js:16:20)\n    at Layer.handle [as handle_request] (E:\\Project\\UniProject\\second\\node_modules\\express\\lib\\router\\layer.js:95:5)\n    at next (E:\\Project\\UniProject\\second\\node_modules\\express\\lib\\router\\route.js:137:13)\n    at Route.dispatch (E:\\Project\\UniProject\\second\\node_modules\\express\\lib\\router\\route.js:112:3)\n    at newFn (E:\\Project\\UniProject\\second\\node_modules\\express-async-errors\\index.js:16:20)\n    at Layer.handle [as handle_request] (E:\\Project\\UniProject\\second\\node_modules\\express\\lib\\router\\layer.js:95:5)\n    at E:\\Project\\UniProject\\second\\node_modules\\express\\lib\\router\\index.js:281:22\n    at Function.process_params (E:\\Project\\UniProject\\second\\node_modules\\express\\lib\\router\\index.js:335:12)\n    at next (E:\\Project\\UniProject\\second\\node_modules\\express\\lib\\router\\index.js:275:10)\n    at Function.handle (E:\\Project\\UniProject\\second\\node_modules\\express\\lib\\router\\index.js:174:3)\n    at router (E:\\Project\\UniProject\\second\\node_modules\\express\\lib\\router\\index.js:47:12)\n    at newFn (E:\\Project\\UniProject\\second\\node_modules\\express-async-errors\\index.js:16:20)\n    at Layer.handle [as handle_request] (E:\\Project\\UniProject\\second\\node_modules\\express\\lib\\router\\layer.js:95:5)\n    at trim_prefix (E:\\Project\\UniProject\\second\\node_modules\\express\\lib\\router\\index.js:317:13)\n    at E:\\Project\\UniProject\\second\\node_modules\\express\\lib\\router\\index.js:284:7"}
{"level":"error","message":"CourseModel.find is not a function CourseModel.find is not a function","stack":"TypeError: CourseModel.find is not a function\n    at getList (E:\\Project\\UniProject\\second\\app\\http\\controller\\CourseController.js:8:36)\n    at newFn (E:\\Project\\UniProject\\second\\node_modules\\express-async-errors\\index.js:16:20)\n    at Layer.handle [as handle_request] (E:\\Project\\UniProject\\second\\node_modules\\express\\lib\\router\\layer.js:95:5)\n    at next (E:\\Project\\UniProject\\second\\node_modules\\express\\lib\\router\\route.js:137:13)\n    at Route.dispatch (E:\\Project\\UniProject\\second\\node_modules\\express\\lib\\router\\route.js:112:3)\n    at newFn (E:\\Project\\UniProject\\second\\node_modules\\express-async-errors\\index.js:16:20)\n    at Layer.handle [as handle_request] (E:\\Project\\UniProject\\second\\node_modules\\express\\lib\\router\\layer.js:95:5)\n    at E:\\Project\\UniProject\\second\\node_modules\\express\\lib\\router\\index.js:281:22\n    at Function.process_params (E:\\Project\\UniProject\\second\\node_modules\\express\\lib\\router\\index.js:335:12)\n    at next (E:\\Project\\UniProject\\second\\node_modules\\express\\lib\\router\\index.js:275:10)\n    at Function.handle (E:\\Project\\UniProject\\second\\node_modules\\express\\lib\\router\\index.js:174:3)\n    at router (E:\\Project\\UniProject\\second\\node_modules\\express\\lib\\router\\index.js:47:12)\n    at newFn (E:\\Project\\UniProject\\second\\node_modules\\express-async-errors\\index.js:16:20)\n    at Layer.handle [as handle_request] (E:\\Project\\UniProject\\second\\node_modules\\express\\lib\\router\\layer.js:95:5)\n    at trim_prefix (E:\\Project\\UniProject\\second\\node_modules\\express\\lib\\router\\index.js:317:13)\n    at E:\\Project\\UniProject\\second\\node_modules\\express\\lib\\router\\index.js:284:7"}
{"message":"db connected","level":"info"}
{"message":"db connected","level":"info"}
{"level":"error","message":"courseModel.find is not a function courseModel.find is not a function","stack":"TypeError: courseModel.find is not a function\n    at getList (E:\\Project\\UniProject\\second\\app\\http\\controller\\CourseController.js:8:40)\n    at newFn (E:\\Project\\UniProject\\second\\node_modules\\express-async-errors\\index.js:16:20)\n    at Layer.handle [as handle_request] (E:\\Project\\UniProject\\second\\node_modules\\express\\lib\\router\\layer.js:95:5)\n    at next (E:\\Project\\UniProject\\second\\node_modules\\express\\lib\\router\\route.js:137:13)\n    at Route.dispatch (E:\\Project\\UniProject\\second\\node_modules\\express\\lib\\router\\route.js:112:3)\n    at newFn (E:\\Project\\UniProject\\second\\node_modules\\express-async-errors\\index.js:16:20)\n    at Layer.handle [as handle_request] (E:\\Project\\UniProject\\second\\node_modules\\express\\lib\\router\\layer.js:95:5)\n    at E:\\Project\\UniProject\\second\\node_modules\\express\\lib\\router\\index.js:281:22\n    at Function.process_params (E:\\Project\\UniProject\\second\\node_modules\\express\\lib\\router\\index.js:335:12)\n    at next (E:\\Project\\UniProject\\second\\node_modules\\express\\lib\\router\\index.js:275:10)\n    at Function.handle (E:\\Project\\UniProject\\second\\node_modules\\express\\lib\\router\\index.js:174:3)\n    at router (E:\\Project\\UniProject\\second\\node_modules\\express\\lib\\router\\index.js:47:12)\n    at newFn (E:\\Project\\UniProject\\second\\node_modules\\express-async-errors\\index.js:16:20)\n    at Layer.handle [as handle_request] (E:\\Project\\UniProject\\second\\node_modules\\express\\lib\\router\\layer.js:95:5)\n    at trim_prefix (E:\\Project\\UniProject\\second\\node_modules\\express\\lib\\router\\index.js:317:13)\n    at E:\\Project\\UniProject\\second\\node_modules\\express\\lib\\router\\index.js:284:7"}
{"message":"db connected","level":"info"}
{"message":"db connected","level":"info"}
{"message":"db connected","level":"info"}
{"message":"db connected","level":"info"}
{"message":"db connected","level":"info"}
{"message":"db connected","level":"info"}
{"message":"db connected","level":"info"}
{"message":"db connected","level":"info"}
{"level":"error","message":"courseModel.find is not a function courseModel.find is not a function","stack":"TypeError: courseModel.find is not a function\n    at getList (E:\\Project\\UniProject\\second\\app\\http\\controller\\CourseController.js:8:40)\n    at newFn (E:\\Project\\UniProject\\second\\node_modules\\express-async-errors\\index.js:16:20)\n    at Layer.handle [as handle_request] (E:\\Project\\UniProject\\second\\node_modules\\express\\lib\\router\\layer.js:95:5)\n    at next (E:\\Project\\UniProject\\second\\node_modules\\express\\lib\\router\\route.js:137:13)\n    at Route.dispatch (E:\\Project\\UniProject\\second\\node_modules\\express\\lib\\router\\route.js:112:3)\n    at newFn (E:\\Project\\UniProject\\second\\node_modules\\express-async-errors\\index.js:16:20)\n    at Layer.handle [as handle_request] (E:\\Project\\UniProject\\second\\node_modules\\express\\lib\\router\\layer.js:95:5)\n    at E:\\Project\\UniProject\\second\\node_modules\\express\\lib\\router\\index.js:281:22\n    at Function.process_params (E:\\Project\\UniProject\\second\\node_modules\\express\\lib\\router\\index.js:335:12)\n    at next (E:\\Project\\UniProject\\second\\node_modules\\express\\lib\\router\\index.js:275:10)\n    at Function.handle (E:\\Project\\UniProject\\second\\node_modules\\express\\lib\\router\\index.js:174:3)\n    at router (E:\\Project\\UniProject\\second\\node_modules\\express\\lib\\router\\index.js:47:12)\n    at newFn (E:\\Project\\UniProject\\second\\node_modules\\express-async-errors\\index.js:16:20)\n    at Layer.handle [as handle_request] (E:\\Project\\UniProject\\second\\node_modules\\express\\lib\\router\\layer.js:95:5)\n    at trim_prefix (E:\\Project\\UniProject\\second\\node_modules\\express\\lib\\router\\index.js:317:13)\n    at E:\\Project\\UniProject\\second\\node_modules\\express\\lib\\router\\index.js:284:7"}
{"level":"error","message":"paymentModel.find is not a function paymentModel.find is not a function","stack":"TypeError: paymentModel.find is not a function\n    at getList (E:\\Project\\UniProject\\second\\app\\http\\controller\\PaymentController.js:8:40)\n    at newFn (E:\\Project\\UniProject\\second\\node_modules\\express-async-errors\\index.js:16:20)\n    at Layer.handle [as handle_request] (E:\\Project\\UniProject\\second\\node_modules\\express\\lib\\router\\layer.js:95:5)\n    at next (E:\\Project\\UniProject\\second\\node_modules\\express\\lib\\router\\route.js:137:13)\n    at Route.dispatch (E:\\Project\\UniProject\\second\\node_modules\\express\\lib\\router\\route.js:112:3)\n    at newFn (E:\\Project\\UniProject\\second\\node_modules\\express-async-errors\\index.js:16:20)\n    at Layer.handle [as handle_request] (E:\\Project\\UniProject\\second\\node_modules\\express\\lib\\router\\layer.js:95:5)\n    at E:\\Project\\UniProject\\second\\node_modules\\express\\lib\\router\\index.js:281:22\n    at Function.process_params (E:\\Project\\UniProject\\second\\node_modules\\express\\lib\\router\\index.js:335:12)\n    at next (E:\\Project\\UniProject\\second\\node_modules\\express\\lib\\router\\index.js:275:10)\n    at Function.handle (E:\\Project\\UniProject\\second\\node_modules\\express\\lib\\router\\index.js:174:3)\n    at router (E:\\Project\\UniProject\\second\\node_modules\\express\\lib\\router\\index.js:47:12)\n    at newFn (E:\\Project\\UniProject\\second\\node_modules\\express-async-errors\\index.js:16:20)\n    at Layer.handle [as handle_request] (E:\\Project\\UniProject\\second\\node_modules\\express\\lib\\router\\layer.js:95:5)\n    at trim_prefix (E:\\Project\\UniProject\\second\\node_modules\\express\\lib\\router\\index.js:317:13)\n    at E:\\Project\\UniProject\\second\\node_modules\\express\\lib\\router\\index.js:284:7"}
{"level":"error","message":"paymentModel.find is not a function paymentModel.find is not a function","stack":"TypeError: paymentModel.find is not a function\n    at getList (E:\\Project\\UniProject\\second\\app\\http\\controller\\PaymentController.js:8:40)\n    at newFn (E:\\Project\\UniProject\\second\\node_modules\\express-async-errors\\index.js:16:20)\n    at Layer.handle [as handle_request] (E:\\Project\\UniProject\\second\\node_modules\\express\\lib\\router\\layer.js:95:5)\n    at next (E:\\Project\\UniProject\\second\\node_modules\\express\\lib\\router\\route.js:137:13)\n    at Route.dispatch (E:\\Project\\UniProject\\second\\node_modules\\express\\lib\\router\\route.js:112:3)\n    at newFn (E:\\Project\\UniProject\\second\\node_modules\\express-async-errors\\index.js:16:20)\n    at Layer.handle [as handle_request] (E:\\Project\\UniProject\\second\\node_modules\\express\\lib\\router\\layer.js:95:5)\n    at E:\\Project\\UniProject\\second\\node_modules\\express\\lib\\router\\index.js:281:22\n    at Function.process_params (E:\\Project\\UniProject\\second\\node_modules\\express\\lib\\router\\index.js:335:12)\n    at next (E:\\Project\\UniProject\\second\\node_modules\\express\\lib\\router\\index.js:275:10)\n    at Function.handle (E:\\Project\\UniProject\\second\\node_modules\\express\\lib\\router\\index.js:174:3)\n    at router (E:\\Project\\UniProject\\second\\node_modules\\express\\lib\\router\\index.js:47:12)\n    at newFn (E:\\Project\\UniProject\\second\\node_modules\\express-async-errors\\index.js:16:20)\n    at Layer.handle [as handle_request] (E:\\Project\\UniProject\\second\\node_modules\\express\\lib\\router\\layer.js:95:5)\n    at trim_prefix (E:\\Project\\UniProject\\second\\node_modules\\express\\lib\\router\\index.js:317:13)\n    at E:\\Project\\UniProject\\second\\node_modules\\express\\lib\\router\\index.js:284:7"}
{"message":"db connected","level":"info"}
{"level":"error","message":"paymentModel.find is not a function paymentModel.find is not a function","stack":"TypeError: paymentModel.find is not a function\n    at getList (E:\\Project\\UniProject\\second\\app\\http\\controller\\PaymentController.js:8:40)\n    at newFn (E:\\Project\\UniProject\\second\\node_modules\\express-async-errors\\index.js:16:20)\n    at Layer.handle [as handle_request] (E:\\Project\\UniProject\\second\\node_modules\\express\\lib\\router\\layer.js:95:5)\n    at next (E:\\Project\\UniProject\\second\\node_modules\\express\\lib\\router\\route.js:137:13)\n    at Route.dispatch (E:\\Project\\UniProject\\second\\node_modules\\express\\lib\\router\\route.js:112:3)\n    at newFn (E:\\Project\\UniProject\\second\\node_modules\\express-async-errors\\index.js:16:20)\n    at Layer.handle [as handle_request] (E:\\Project\\UniProject\\second\\node_modules\\express\\lib\\router\\layer.js:95:5)\n    at E:\\Project\\UniProject\\second\\node_modules\\express\\lib\\router\\index.js:281:22\n    at Function.process_params (E:\\Project\\UniProject\\second\\node_modules\\express\\lib\\router\\index.js:335:12)\n    at next (E:\\Project\\UniProject\\second\\node_modules\\express\\lib\\router\\index.js:275:10)\n    at Function.handle (E:\\Project\\UniProject\\second\\node_modules\\express\\lib\\router\\index.js:174:3)\n    at router (E:\\Project\\UniProject\\second\\node_modules\\express\\lib\\router\\index.js:47:12)\n    at newFn (E:\\Project\\UniProject\\second\\node_modules\\express-async-errors\\index.js:16:20)\n    at Layer.handle [as handle_request] (E:\\Project\\UniProject\\second\\node_modules\\express\\lib\\router\\layer.js:95:5)\n    at trim_prefix (E:\\Project\\UniProject\\second\\node_modules\\express\\lib\\router\\index.js:317:13)\n    at E:\\Project\\UniProject\\second\\node_modules\\express\\lib\\router\\index.js:284:7"}
{"level":"error","message":"paymentModel.find is not a function paymentModel.find is not a function","stack":"TypeError: paymentModel.find is not a function\n    at getList (E:\\Project\\UniProject\\second\\app\\http\\controller\\PaymentController.js:8:40)\n    at newFn (E:\\Project\\UniProject\\second\\node_modules\\express-async-errors\\index.js:16:20)\n    at Layer.handle [as handle_request] (E:\\Project\\UniProject\\second\\node_modules\\express\\lib\\router\\layer.js:95:5)\n    at next (E:\\Project\\UniProject\\second\\node_modules\\express\\lib\\router\\route.js:137:13)\n    at Route.dispatch (E:\\Project\\UniProject\\second\\node_modules\\express\\lib\\router\\route.js:112:3)\n    at newFn (E:\\Project\\UniProject\\second\\node_modules\\express-async-errors\\index.js:16:20)\n    at Layer.handle [as handle_request] (E:\\Project\\UniProject\\second\\node_modules\\express\\lib\\router\\layer.js:95:5)\n    at E:\\Project\\UniProject\\second\\node_modules\\express\\lib\\router\\index.js:281:22\n    at Function.process_params (E:\\Project\\UniProject\\second\\node_modules\\express\\lib\\router\\index.js:335:12)\n    at next (E:\\Project\\UniProject\\second\\node_modules\\express\\lib\\router\\index.js:275:10)\n    at Function.handle (E:\\Project\\UniProject\\second\\node_modules\\express\\lib\\router\\index.js:174:3)\n    at router (E:\\Project\\UniProject\\second\\node_modules\\express\\lib\\router\\index.js:47:12)\n    at newFn (E:\\Project\\UniProject\\second\\node_modules\\express-async-errors\\index.js:16:20)\n    at Layer.handle [as handle_request] (E:\\Project\\UniProject\\second\\node_modules\\express\\lib\\router\\layer.js:95:5)\n    at trim_prefix (E:\\Project\\UniProject\\second\\node_modules\\express\\lib\\router\\index.js:317:13)\n    at E:\\Project\\UniProject\\second\\node_modules\\express\\lib\\router\\index.js:284:7"}
{"message":"db connected","level":"info"}
{"message":"db connected","level":"info"}
{"level":"error","message":"paymentModel.find is not a function paymentModel.find is not a function","stack":"TypeError: paymentModel.find is not a function\n    at getList (E:\\Project\\UniProject\\second\\app\\http\\controller\\PaymentController.js:8:40)\n    at newFn (E:\\Project\\UniProject\\second\\node_modules\\express-async-errors\\index.js:16:20)\n    at Layer.handle [as handle_request] (E:\\Project\\UniProject\\second\\node_modules\\express\\lib\\router\\layer.js:95:5)\n    at next (E:\\Project\\UniProject\\second\\node_modules\\express\\lib\\router\\route.js:137:13)\n    at Route.dispatch (E:\\Project\\UniProject\\second\\node_modules\\express\\lib\\router\\route.js:112:3)\n    at newFn (E:\\Project\\UniProject\\second\\node_modules\\express-async-errors\\index.js:16:20)\n    at Layer.handle [as handle_request] (E:\\Project\\UniProject\\second\\node_modules\\express\\lib\\router\\layer.js:95:5)\n    at E:\\Project\\UniProject\\second\\node_modules\\express\\lib\\router\\index.js:281:22\n    at Function.process_params (E:\\Project\\UniProject\\second\\node_modules\\express\\lib\\router\\index.js:335:12)\n    at next (E:\\Project\\UniProject\\second\\node_modules\\express\\lib\\router\\index.js:275:10)\n    at Function.handle (E:\\Project\\UniProject\\second\\node_modules\\express\\lib\\router\\index.js:174:3)\n    at router (E:\\Project\\UniProject\\second\\node_modules\\express\\lib\\router\\index.js:47:12)\n    at newFn (E:\\Project\\UniProject\\second\\node_modules\\express-async-errors\\index.js:16:20)\n    at Layer.handle [as handle_request] (E:\\Project\\UniProject\\second\\node_modules\\express\\lib\\router\\layer.js:95:5)\n    at trim_prefix (E:\\Project\\UniProject\\second\\node_modules\\express\\lib\\router\\index.js:317:13)\n    at E:\\Project\\UniProject\\second\\node_modules\\express\\lib\\router\\index.js:284:7"}
{"message":"db connected","level":"info"}
{"message":"db connected","level":"info"}
{"level":"error","message":"paymentModel.find is not a function paymentModel.find is not a function","stack":"TypeError: paymentModel.find is not a function\n    at getList (E:\\Project\\UniProject\\second\\app\\http\\controller\\PaymentController.js:8:40)\n    at newFn (E:\\Project\\UniProject\\second\\node_modules\\express-async-errors\\index.js:16:20)\n    at Layer.handle [as handle_request] (E:\\Project\\UniProject\\second\\node_modules\\express\\lib\\router\\layer.js:95:5)\n    at next (E:\\Project\\UniProject\\second\\node_modules\\express\\lib\\router\\route.js:137:13)\n    at Route.dispatch (E:\\Project\\UniProject\\second\\node_modules\\express\\lib\\router\\route.js:112:3)\n    at newFn (E:\\Project\\UniProject\\second\\node_modules\\express-async-errors\\index.js:16:20)\n    at Layer.handle [as handle_request] (E:\\Project\\UniProject\\second\\node_modules\\express\\lib\\router\\layer.js:95:5)\n    at E:\\Project\\UniProject\\second\\node_modules\\express\\lib\\router\\index.js:281:22\n    at Function.process_params (E:\\Project\\UniProject\\second\\node_modules\\express\\lib\\router\\index.js:335:12)\n    at next (E:\\Project\\UniProject\\second\\node_modules\\express\\lib\\router\\index.js:275:10)\n    at Function.handle (E:\\Project\\UniProject\\second\\node_modules\\express\\lib\\router\\index.js:174:3)\n    at router (E:\\Project\\UniProject\\second\\node_modules\\express\\lib\\router\\index.js:47:12)\n    at newFn (E:\\Project\\UniProject\\second\\node_modules\\express-async-errors\\index.js:16:20)\n    at Layer.handle [as handle_request] (E:\\Project\\UniProject\\second\\node_modules\\express\\lib\\router\\layer.js:95:5)\n    at trim_prefix (E:\\Project\\UniProject\\second\\node_modules\\express\\lib\\router\\index.js:317:13)\n    at E:\\Project\\UniProject\\second\\node_modules\\express\\lib\\router\\index.js:284:7"}
{"message":"db connected","level":"info"}
{"level":"error","message":"paymentModel.find is not a function paymentModel.find is not a function","stack":"TypeError: paymentModel.find is not a function\n    at getPaymentList (E:\\Project\\UniProject\\second\\app\\http\\controller\\PaymentController.js:8:40)\n    at newFn (E:\\Project\\UniProject\\second\\node_modules\\express-async-errors\\index.js:16:20)\n    at Layer.handle [as handle_request] (E:\\Project\\UniProject\\second\\node_modules\\express\\lib\\router\\layer.js:95:5)\n    at next (E:\\Project\\UniProject\\second\\node_modules\\express\\lib\\router\\route.js:137:13)\n    at Route.dispatch (E:\\Project\\UniProject\\second\\node_modules\\express\\lib\\router\\route.js:112:3)\n    at newFn (E:\\Project\\UniProject\\second\\node_modules\\express-async-errors\\index.js:16:20)\n    at Layer.handle [as handle_request] (E:\\Project\\UniProject\\second\\node_modules\\express\\lib\\router\\layer.js:95:5)\n    at E:\\Project\\UniProject\\second\\node_modules\\express\\lib\\router\\index.js:281:22\n    at Function.process_params (E:\\Project\\UniProject\\second\\node_modules\\express\\lib\\router\\index.js:335:12)\n    at next (E:\\Project\\UniProject\\second\\node_modules\\express\\lib\\router\\index.js:275:10)\n    at Function.handle (E:\\Project\\UniProject\\second\\node_modules\\express\\lib\\router\\index.js:174:3)\n    at router (E:\\Project\\UniProject\\second\\node_modules\\express\\lib\\router\\index.js:47:12)\n    at newFn (E:\\Project\\UniProject\\second\\node_modules\\express-async-errors\\index.js:16:20)\n    at Layer.handle [as handle_request] (E:\\Project\\UniProject\\second\\node_modules\\express\\lib\\router\\layer.js:95:5)\n    at trim_prefix (E:\\Project\\UniProject\\second\\node_modules\\express\\lib\\router\\index.js:317:13)\n    at E:\\Project\\UniProject\\second\\node_modules\\express\\lib\\router\\index.js:284:7"}
{"message":"db connected","level":"info"}
{"level":"error","message":"paymentModel.find is not a function paymentModel.find is not a function","stack":"TypeError: paymentModel.find is not a function\n    at getPaymentList (E:\\Project\\UniProject\\second\\app\\http\\controller\\PaymentController.js:8:40)\n    at newFn (E:\\Project\\UniProject\\second\\node_modules\\express-async-errors\\index.js:16:20)\n    at Layer.handle [as handle_request] (E:\\Project\\UniProject\\second\\node_modules\\express\\lib\\router\\layer.js:95:5)\n    at next (E:\\Project\\UniProject\\second\\node_modules\\express\\lib\\router\\route.js:137:13)\n    at Route.dispatch (E:\\Project\\UniProject\\second\\node_modules\\express\\lib\\router\\route.js:112:3)\n    at newFn (E:\\Project\\UniProject\\second\\node_modules\\express-async-errors\\index.js:16:20)\n    at Layer.handle [as handle_request] (E:\\Project\\UniProject\\second\\node_modules\\express\\lib\\router\\layer.js:95:5)\n    at E:\\Project\\UniProject\\second\\node_modules\\express\\lib\\router\\index.js:281:22\n    at Function.process_params (E:\\Project\\UniProject\\second\\node_modules\\express\\lib\\router\\index.js:335:12)\n    at next (E:\\Project\\UniProject\\second\\node_modules\\express\\lib\\router\\index.js:275:10)\n    at Function.handle (E:\\Project\\UniProject\\second\\node_modules\\express\\lib\\router\\index.js:174:3)\n    at router (E:\\Project\\UniProject\\second\\node_modules\\express\\lib\\router\\index.js:47:12)\n    at newFn (E:\\Project\\UniProject\\second\\node_modules\\express-async-errors\\index.js:16:20)\n    at Layer.handle [as handle_request] (E:\\Project\\UniProject\\second\\node_modules\\express\\lib\\router\\layer.js:95:5)\n    at trim_prefix (E:\\Project\\UniProject\\second\\node_modules\\express\\lib\\router\\index.js:317:13)\n    at E:\\Project\\UniProject\\second\\node_modules\\express\\lib\\router\\index.js:284:7"}
{"message":"db connected","level":"info"}
{"message":"db connected","level":"info"}
{"message":"db connected","level":"info"}
{"message":"db connected","level":"info"}
{"message":"db connected","level":"info"}
{"message":"db connected","level":"info"}
{"message":"db connected","level":"info"}
{"level":"error","message":"paymentModel.find is not a function paymentModel.find is not a function","stack":"TypeError: paymentModel.find is not a function\n    at getPaymentList (E:\\Project\\UniProject\\second\\app\\http\\controller\\PaymentController.js:8:40)\n    at newFn (E:\\Project\\UniProject\\second\\node_modules\\express-async-errors\\index.js:16:20)\n    at Layer.handle [as handle_request] (E:\\Project\\UniProject\\second\\node_modules\\express\\lib\\router\\layer.js:95:5)\n    at next (E:\\Project\\UniProject\\second\\node_modules\\express\\lib\\router\\route.js:137:13)\n    at Route.dispatch (E:\\Project\\UniProject\\second\\node_modules\\express\\lib\\router\\route.js:112:3)\n    at newFn (E:\\Project\\UniProject\\second\\node_modules\\express-async-errors\\index.js:16:20)\n    at Layer.handle [as handle_request] (E:\\Project\\UniProject\\second\\node_modules\\express\\lib\\router\\layer.js:95:5)\n    at E:\\Project\\UniProject\\second\\node_modules\\express\\lib\\router\\index.js:281:22\n    at Function.process_params (E:\\Project\\UniProject\\second\\node_modules\\express\\lib\\router\\index.js:335:12)\n    at next (E:\\Project\\UniProject\\second\\node_modules\\express\\lib\\router\\index.js:275:10)\n    at Function.handle (E:\\Project\\UniProject\\second\\node_modules\\express\\lib\\router\\index.js:174:3)\n    at router (E:\\Project\\UniProject\\second\\node_modules\\express\\lib\\router\\index.js:47:12)\n    at newFn (E:\\Project\\UniProject\\second\\node_modules\\express-async-errors\\index.js:16:20)\n    at Layer.handle [as handle_request] (E:\\Project\\UniProject\\second\\node_modules\\express\\lib\\router\\layer.js:95:5)\n    at trim_prefix (E:\\Project\\UniProject\\second\\node_modules\\express\\lib\\router\\index.js:317:13)\n    at E:\\Project\\UniProject\\second\\node_modules\\express\\lib\\router\\index.js:284:7"}
{"message":"db connected","level":"info"}
{"message":"db connected","level":"info"}
{"message":"db connected","level":"info"}
{"message":"db connected","level":"info"}
{"message":"db connected","level":"info"}
{"level":"error","message":"paymentModel.find is not a function paymentModel.find is not a function","stack":"TypeError: paymentModel.find is not a function\n    at getPaymentList (E:\\Project\\UniProject\\second\\app\\http\\controller\\PaymentController.js:10:40)\n    at newFn (E:\\Project\\UniProject\\second\\node_modules\\express-async-errors\\index.js:16:20)\n    at Layer.handle [as handle_request] (E:\\Project\\UniProject\\second\\node_modules\\express\\lib\\router\\layer.js:95:5)\n    at next (E:\\Project\\UniProject\\second\\node_modules\\express\\lib\\router\\route.js:137:13)\n    at Route.dispatch (E:\\Project\\UniProject\\second\\node_modules\\express\\lib\\router\\route.js:112:3)\n    at newFn (E:\\Project\\UniProject\\second\\node_modules\\express-async-errors\\index.js:16:20)\n    at Layer.handle [as handle_request] (E:\\Project\\UniProject\\second\\node_modules\\express\\lib\\router\\layer.js:95:5)\n    at E:\\Project\\UniProject\\second\\node_modules\\express\\lib\\router\\index.js:281:22\n    at Function.process_params (E:\\Project\\UniProject\\second\\node_modules\\express\\lib\\router\\index.js:335:12)\n    at next (E:\\Project\\UniProject\\second\\node_modules\\express\\lib\\router\\index.js:275:10)\n    at Function.handle (E:\\Project\\UniProject\\second\\node_modules\\express\\lib\\router\\index.js:174:3)\n    at router (E:\\Project\\UniProject\\second\\node_modules\\express\\lib\\router\\index.js:47:12)\n    at newFn (E:\\Project\\UniProject\\second\\node_modules\\express-async-errors\\index.js:16:20)\n    at Layer.handle [as handle_request] (E:\\Project\\UniProject\\second\\node_modules\\express\\lib\\router\\layer.js:95:5)\n    at trim_prefix (E:\\Project\\UniProject\\second\\node_modules\\express\\lib\\router\\index.js:317:13)\n    at E:\\Project\\UniProject\\second\\node_modules\\express\\lib\\router\\index.js:284:7"}
{"message":"db connected","level":"info"}
{"message":"db connected","level":"info"}
{"message":"db connected","level":"info"}
{"level":"error","message":"paymentModel.find is not a function paymentModel.find is not a function","stack":"TypeError: paymentModel.find is not a function\n    at getPaymentList (E:\\Project\\UniProject\\second\\app\\http\\controller\\PaymentController.js:10:40)\n    at newFn (E:\\Project\\UniProject\\second\\node_modules\\express-async-errors\\index.js:16:20)\n    at Layer.handle [as handle_request] (E:\\Project\\UniProject\\second\\node_modules\\express\\lib\\router\\layer.js:95:5)\n    at next (E:\\Project\\UniProject\\second\\node_modules\\express\\lib\\router\\route.js:137:13)\n    at Route.dispatch (E:\\Project\\UniProject\\second\\node_modules\\express\\lib\\router\\route.js:112:3)\n    at newFn (E:\\Project\\UniProject\\second\\node_modules\\express-async-errors\\index.js:16:20)\n    at Layer.handle [as handle_request] (E:\\Project\\UniProject\\second\\node_modules\\express\\lib\\router\\layer.js:95:5)\n    at E:\\Project\\UniProject\\second\\node_modules\\express\\lib\\router\\index.js:281:22\n    at Function.process_params (E:\\Project\\UniProject\\second\\node_modules\\express\\lib\\router\\index.js:335:12)\n    at next (E:\\Project\\UniProject\\second\\node_modules\\express\\lib\\router\\index.js:275:10)\n    at Function.handle (E:\\Project\\UniProject\\second\\node_modules\\express\\lib\\router\\index.js:174:3)\n    at router (E:\\Project\\UniProject\\second\\node_modules\\express\\lib\\router\\index.js:47:12)\n    at newFn (E:\\Project\\UniProject\\second\\node_modules\\express-async-errors\\index.js:16:20)\n    at Layer.handle [as handle_request] (E:\\Project\\UniProject\\second\\node_modules\\express\\lib\\router\\layer.js:95:5)\n    at trim_prefix (E:\\Project\\UniProject\\second\\node_modules\\express\\lib\\router\\index.js:317:13)\n    at E:\\Project\\UniProject\\second\\node_modules\\express\\lib\\router\\index.js:284:7"}
{"message":"db connected","level":"info"}
{"message":"db connected","level":"info"}
{"level":"error","message":"paymentModel.find is not a function paymentModel.find is not a function","stack":"TypeError: paymentModel.find is not a function\n    at getPaymentList (E:\\Project\\UniProject\\second\\app\\http\\controller\\PaymentController.js:10:40)\n    at newFn (E:\\Project\\UniProject\\second\\node_modules\\express-async-errors\\index.js:16:20)\n    at Layer.handle [as handle_request] (E:\\Project\\UniProject\\second\\node_modules\\express\\lib\\router\\layer.js:95:5)\n    at next (E:\\Project\\UniProject\\second\\node_modules\\express\\lib\\router\\route.js:137:13)\n    at Route.dispatch (E:\\Project\\UniProject\\second\\node_modules\\express\\lib\\router\\route.js:112:3)\n    at newFn (E:\\Project\\UniProject\\second\\node_modules\\express-async-errors\\index.js:16:20)\n    at Layer.handle [as handle_request] (E:\\Project\\UniProject\\second\\node_modules\\express\\lib\\router\\layer.js:95:5)\n    at E:\\Project\\UniProject\\second\\node_modules\\express\\lib\\router\\index.js:281:22\n    at Function.process_params (E:\\Project\\UniProject\\second\\node_modules\\express\\lib\\router\\index.js:335:12)\n    at next (E:\\Project\\UniProject\\second\\node_modules\\express\\lib\\router\\index.js:275:10)\n    at Function.handle (E:\\Project\\UniProject\\second\\node_modules\\express\\lib\\router\\index.js:174:3)\n    at router (E:\\Project\\UniProject\\second\\node_modules\\express\\lib\\router\\index.js:47:12)\n    at newFn (E:\\Project\\UniProject\\second\\node_modules\\express-async-errors\\index.js:16:20)\n    at Layer.handle [as handle_request] (E:\\Project\\UniProject\\second\\node_modules\\express\\lib\\router\\layer.js:95:5)\n    at trim_prefix (E:\\Project\\UniProject\\second\\node_modules\\express\\lib\\router\\index.js:317:13)\n    at E:\\Project\\UniProject\\second\\node_modules\\express\\lib\\router\\index.js:284:7"}
{"message":"db connected","level":"info"}
{"level":"error","message":"paymentModel.find is not a function paymentModel.find is not a function","stack":"TypeError: paymentModel.find is not a function\n    at getPaymentList (E:\\Project\\UniProject\\second\\app\\http\\controller\\PaymentController.js:10:40)\n    at newFn (E:\\Project\\UniProject\\second\\node_modules\\express-async-errors\\index.js:16:20)\n    at Layer.handle [as handle_request] (E:\\Project\\UniProject\\second\\node_modules\\express\\lib\\router\\layer.js:95:5)\n    at next (E:\\Project\\UniProject\\second\\node_modules\\express\\lib\\router\\route.js:137:13)\n    at Route.dispatch (E:\\Project\\UniProject\\second\\node_modules\\express\\lib\\router\\route.js:112:3)\n    at newFn (E:\\Project\\UniProject\\second\\node_modules\\express-async-errors\\index.js:16:20)\n    at Layer.handle [as handle_request] (E:\\Project\\UniProject\\second\\node_modules\\express\\lib\\router\\layer.js:95:5)\n    at E:\\Project\\UniProject\\second\\node_modules\\express\\lib\\router\\index.js:281:22\n    at Function.process_params (E:\\Project\\UniProject\\second\\node_modules\\express\\lib\\router\\index.js:335:12)\n    at next (E:\\Project\\UniProject\\second\\node_modules\\express\\lib\\router\\index.js:275:10)\n    at Function.handle (E:\\Project\\UniProject\\second\\node_modules\\express\\lib\\router\\index.js:174:3)\n    at router (E:\\Project\\UniProject\\second\\node_modules\\express\\lib\\router\\index.js:47:12)\n    at newFn (E:\\Project\\UniProject\\second\\node_modules\\express-async-errors\\index.js:16:20)\n    at Layer.handle [as handle_request] (E:\\Project\\UniProject\\second\\node_modules\\express\\lib\\router\\layer.js:95:5)\n    at trim_prefix (E:\\Project\\UniProject\\second\\node_modules\\express\\lib\\router\\index.js:317:13)\n    at E:\\Project\\UniProject\\second\\node_modules\\express\\lib\\router\\index.js:284:7"}
{"message":"db connected","level":"info"}
{"message":"db connected","level":"info"}
{"level":"error","message":"paymentModel.find is not a function paymentModel.find is not a function","stack":"TypeError: paymentModel.find is not a function\n    at getPaymentList (E:\\Project\\UniProject\\second\\app\\http\\controller\\PaymentController.js:10:40)\n    at newFn (E:\\Project\\UniProject\\second\\node_modules\\express-async-errors\\index.js:16:20)\n    at Layer.handle [as handle_request] (E:\\Project\\UniProject\\second\\node_modules\\express\\lib\\router\\layer.js:95:5)\n    at next (E:\\Project\\UniProject\\second\\node_modules\\express\\lib\\router\\route.js:137:13)\n    at Route.dispatch (E:\\Project\\UniProject\\second\\node_modules\\express\\lib\\router\\route.js:112:3)\n    at newFn (E:\\Project\\UniProject\\second\\node_modules\\express-async-errors\\index.js:16:20)\n    at Layer.handle [as handle_request] (E:\\Project\\UniProject\\second\\node_modules\\express\\lib\\router\\layer.js:95:5)\n    at E:\\Project\\UniProject\\second\\node_modules\\express\\lib\\router\\index.js:281:22\n    at Function.process_params (E:\\Project\\UniProject\\second\\node_modules\\express\\lib\\router\\index.js:335:12)\n    at next (E:\\Project\\UniProject\\second\\node_modules\\express\\lib\\router\\index.js:275:10)\n    at Function.handle (E:\\Project\\UniProject\\second\\node_modules\\express\\lib\\router\\index.js:174:3)\n    at router (E:\\Project\\UniProject\\second\\node_modules\\express\\lib\\router\\index.js:47:12)\n    at newFn (E:\\Project\\UniProject\\second\\node_modules\\express-async-errors\\index.js:16:20)\n    at Layer.handle [as handle_request] (E:\\Project\\UniProject\\second\\node_modules\\express\\lib\\router\\layer.js:95:5)\n    at trim_prefix (E:\\Project\\UniProject\\second\\node_modules\\express\\lib\\router\\index.js:317:13)\n    at E:\\Project\\UniProject\\second\\node_modules\\express\\lib\\router\\index.js:284:7"}
{"message":"db connected","level":"info"}
{"message":"db connected","level":"info"}
{"message":"db connected","level":"info"}
{"level":"error","message":"paymentModel.find is not a function paymentModel.find is not a function","stack":"TypeError: paymentModel.find is not a function\n    at getPaymentList (E:\\Project\\UniProject\\second\\app\\http\\controller\\PaymentController.js:10:40)\n    at newFn (E:\\Project\\UniProject\\second\\node_modules\\express-async-errors\\index.js:16:20)\n    at Layer.handle [as handle_request] (E:\\Project\\UniProject\\second\\node_modules\\express\\lib\\router\\layer.js:95:5)\n    at next (E:\\Project\\UniProject\\second\\node_modules\\express\\lib\\router\\route.js:137:13)\n    at Route.dispatch (E:\\Project\\UniProject\\second\\node_modules\\express\\lib\\router\\route.js:112:3)\n    at newFn (E:\\Project\\UniProject\\second\\node_modules\\express-async-errors\\index.js:16:20)\n    at Layer.handle [as handle_request] (E:\\Project\\UniProject\\second\\node_modules\\express\\lib\\router\\layer.js:95:5)\n    at E:\\Project\\UniProject\\second\\node_modules\\express\\lib\\router\\index.js:281:22\n    at Function.process_params (E:\\Project\\UniProject\\second\\node_modules\\express\\lib\\router\\index.js:335:12)\n    at next (E:\\Project\\UniProject\\second\\node_modules\\express\\lib\\router\\index.js:275:10)\n    at Function.handle (E:\\Project\\UniProject\\second\\node_modules\\express\\lib\\router\\index.js:174:3)\n    at router (E:\\Project\\UniProject\\second\\node_modules\\express\\lib\\router\\index.js:47:12)\n    at newFn (E:\\Project\\UniProject\\second\\node_modules\\express-async-errors\\index.js:16:20)\n    at Layer.handle [as handle_request] (E:\\Project\\UniProject\\second\\node_modules\\express\\lib\\router\\layer.js:95:5)\n    at trim_prefix (E:\\Project\\UniProject\\second\\node_modules\\express\\lib\\router\\index.js:317:13)\n    at E:\\Project\\UniProject\\second\\node_modules\\express\\lib\\router\\index.js:284:7"}
{"level":"error","message":"paymentModel.find is not a function paymentModel.find is not a function","stack":"TypeError: paymentModel.find is not a function\n    at getPaymentList (E:\\Project\\UniProject\\second\\app\\http\\controller\\PaymentController.js:10:40)\n    at newFn (E:\\Project\\UniProject\\second\\node_modules\\express-async-errors\\index.js:16:20)\n    at Layer.handle [as handle_request] (E:\\Project\\UniProject\\second\\node_modules\\express\\lib\\router\\layer.js:95:5)\n    at next (E:\\Project\\UniProject\\second\\node_modules\\express\\lib\\router\\route.js:137:13)\n    at Route.dispatch (E:\\Project\\UniProject\\second\\node_modules\\express\\lib\\router\\route.js:112:3)\n    at newFn (E:\\Project\\UniProject\\second\\node_modules\\express-async-errors\\index.js:16:20)\n    at Layer.handle [as handle_request] (E:\\Project\\UniProject\\second\\node_modules\\express\\lib\\router\\layer.js:95:5)\n    at E:\\Project\\UniProject\\second\\node_modules\\express\\lib\\router\\index.js:281:22\n    at Function.process_params (E:\\Project\\UniProject\\second\\node_modules\\express\\lib\\router\\index.js:335:12)\n    at next (E:\\Project\\UniProject\\second\\node_modules\\express\\lib\\router\\index.js:275:10)\n    at Function.handle (E:\\Project\\UniProject\\second\\node_modules\\express\\lib\\router\\index.js:174:3)\n    at router (E:\\Project\\UniProject\\second\\node_modules\\express\\lib\\router\\index.js:47:12)\n    at newFn (E:\\Project\\UniProject\\second\\node_modules\\express-async-errors\\index.js:16:20)\n    at Layer.handle [as handle_request] (E:\\Project\\UniProject\\second\\node_modules\\express\\lib\\router\\layer.js:95:5)\n    at trim_prefix (E:\\Project\\UniProject\\second\\node_modules\\express\\lib\\router\\index.js:317:13)\n    at E:\\Project\\UniProject\\second\\node_modules\\express\\lib\\router\\index.js:284:7"}
{"level":"error","message":"paymentModel.find is not a function paymentModel.find is not a function","stack":"TypeError: paymentModel.find is not a function\n    at getPaymentList (E:\\Project\\UniProject\\second\\app\\http\\controller\\PaymentController.js:10:40)\n    at newFn (E:\\Project\\UniProject\\second\\node_modules\\express-async-errors\\index.js:16:20)\n    at Layer.handle [as handle_request] (E:\\Project\\UniProject\\second\\node_modules\\express\\lib\\router\\layer.js:95:5)\n    at next (E:\\Project\\UniProject\\second\\node_modules\\express\\lib\\router\\route.js:137:13)\n    at Route.dispatch (E:\\Project\\UniProject\\second\\node_modules\\express\\lib\\router\\route.js:112:3)\n    at newFn (E:\\Project\\UniProject\\second\\node_modules\\express-async-errors\\index.js:16:20)\n    at Layer.handle [as handle_request] (E:\\Project\\UniProject\\second\\node_modules\\express\\lib\\router\\layer.js:95:5)\n    at E:\\Project\\UniProject\\second\\node_modules\\express\\lib\\router\\index.js:281:22\n    at Function.process_params (E:\\Project\\UniProject\\second\\node_modules\\express\\lib\\router\\index.js:335:12)\n    at next (E:\\Project\\UniProject\\second\\node_modules\\express\\lib\\router\\index.js:275:10)\n    at Function.handle (E:\\Project\\UniProject\\second\\node_modules\\express\\lib\\router\\index.js:174:3)\n    at router (E:\\Project\\UniProject\\second\\node_modules\\express\\lib\\router\\index.js:47:12)\n    at newFn (E:\\Project\\UniProject\\second\\node_modules\\express-async-errors\\index.js:16:20)\n    at Layer.handle [as handle_request] (E:\\Project\\UniProject\\second\\node_modules\\express\\lib\\router\\layer.js:95:5)\n    at trim_prefix (E:\\Project\\UniProject\\second\\node_modules\\express\\lib\\router\\index.js:317:13)\n    at E:\\Project\\UniProject\\second\\node_modules\\express\\lib\\router\\index.js:284:7"}
{"message":"db connected","level":"info"}
{"level":"error","message":"paymentModel.find is not a function paymentModel.find is not a function","stack":"TypeError: paymentModel.find is not a function\n    at getPaymentList (E:\\Project\\UniProject\\second\\app\\http\\controller\\PaymentController.js:10:40)\n    at newFn (E:\\Project\\UniProject\\second\\node_modules\\express-async-errors\\index.js:16:20)\n    at Layer.handle [as handle_request] (E:\\Project\\UniProject\\second\\node_modules\\express\\lib\\router\\layer.js:95:5)\n    at next (E:\\Project\\UniProject\\second\\node_modules\\express\\lib\\router\\route.js:137:13)\n    at Route.dispatch (E:\\Project\\UniProject\\second\\node_modules\\express\\lib\\router\\route.js:112:3)\n    at newFn (E:\\Project\\UniProject\\second\\node_modules\\express-async-errors\\index.js:16:20)\n    at Layer.handle [as handle_request] (E:\\Project\\UniProject\\second\\node_modules\\express\\lib\\router\\layer.js:95:5)\n    at E:\\Project\\UniProject\\second\\node_modules\\express\\lib\\router\\index.js:281:22\n    at Function.process_params (E:\\Project\\UniProject\\second\\node_modules\\express\\lib\\router\\index.js:335:12)\n    at next (E:\\Project\\UniProject\\second\\node_modules\\express\\lib\\router\\index.js:275:10)\n    at Function.handle (E:\\Project\\UniProject\\second\\node_modules\\express\\lib\\router\\index.js:174:3)\n    at router (E:\\Project\\UniProject\\second\\node_modules\\express\\lib\\router\\index.js:47:12)\n    at newFn (E:\\Project\\UniProject\\second\\node_modules\\express-async-errors\\index.js:16:20)\n    at Layer.handle [as handle_request] (E:\\Project\\UniProject\\second\\node_modules\\express\\lib\\router\\layer.js:95:5)\n    at trim_prefix (E:\\Project\\UniProject\\second\\node_modules\\express\\lib\\router\\index.js:317:13)\n    at E:\\Project\\UniProject\\second\\node_modules\\express\\lib\\router\\index.js:284:7"}
{"level":"error","message":"paymentModel.find is not a function paymentModel.find is not a function","stack":"TypeError: paymentModel.find is not a function\n    at getPaymentList (E:\\Project\\UniProject\\second\\app\\http\\controller\\PaymentController.js:10:40)\n    at newFn (E:\\Project\\UniProject\\second\\node_modules\\express-async-errors\\index.js:16:20)\n    at Layer.handle [as handle_request] (E:\\Project\\UniProject\\second\\node_modules\\express\\lib\\router\\layer.js:95:5)\n    at next (E:\\Project\\UniProject\\second\\node_modules\\express\\lib\\router\\route.js:137:13)\n    at Route.dispatch (E:\\Project\\UniProject\\second\\node_modules\\express\\lib\\router\\route.js:112:3)\n    at newFn (E:\\Project\\UniProject\\second\\node_modules\\express-async-errors\\index.js:16:20)\n    at Layer.handle [as handle_request] (E:\\Project\\UniProject\\second\\node_modules\\express\\lib\\router\\layer.js:95:5)\n    at E:\\Project\\UniProject\\second\\node_modules\\express\\lib\\router\\index.js:281:22\n    at Function.process_params (E:\\Project\\UniProject\\second\\node_modules\\express\\lib\\router\\index.js:335:12)\n    at next (E:\\Project\\UniProject\\second\\node_modules\\express\\lib\\router\\index.js:275:10)\n    at Function.handle (E:\\Project\\UniProject\\second\\node_modules\\express\\lib\\router\\index.js:174:3)\n    at router (E:\\Project\\UniProject\\second\\node_modules\\express\\lib\\router\\index.js:47:12)\n    at newFn (E:\\Project\\UniProject\\second\\node_modules\\express-async-errors\\index.js:16:20)\n    at Layer.handle [as handle_request] (E:\\Project\\UniProject\\second\\node_modules\\express\\lib\\router\\layer.js:95:5)\n    at trim_prefix (E:\\Project\\UniProject\\second\\node_modules\\express\\lib\\router\\index.js:317:13)\n    at E:\\Project\\UniProject\\second\\node_modules\\express\\lib\\router\\index.js:284:7"}
{"message":"db connected","level":"info"}
{"message":"db connected","level":"info"}
{"message":"db connected","level":"info"}
{"message":"db connected","level":"info"}
{"message":"db connected","level":"info"}
{"level":"error","message":"courseModel.find is not a function courseModel.find is not a function","stack":"TypeError: courseModel.find is not a function\n    at getList (E:\\Project\\UniProject\\second\\app\\http\\controller\\CourseController.js:8:40)\n    at newFn (E:\\Project\\UniProject\\second\\node_modules\\express-async-errors\\index.js:16:20)\n    at Layer.handle [as handle_request] (E:\\Project\\UniProject\\second\\node_modules\\express\\lib\\router\\layer.js:95:5)\n    at next (E:\\Project\\UniProject\\second\\node_modules\\express\\lib\\router\\route.js:137:13)\n    at Route.dispatch (E:\\Project\\UniProject\\second\\node_modules\\express\\lib\\router\\route.js:112:3)\n    at newFn (E:\\Project\\UniProject\\second\\node_modules\\express-async-errors\\index.js:16:20)\n    at Layer.handle [as handle_request] (E:\\Project\\UniProject\\second\\node_modules\\express\\lib\\router\\layer.js:95:5)\n    at E:\\Project\\UniProject\\second\\node_modules\\express\\lib\\router\\index.js:281:22\n    at Function.process_params (E:\\Project\\UniProject\\second\\node_modules\\express\\lib\\router\\index.js:335:12)\n    at next (E:\\Project\\UniProject\\second\\node_modules\\express\\lib\\router\\index.js:275:10)\n    at Function.handle (E:\\Project\\UniProject\\second\\node_modules\\express\\lib\\router\\index.js:174:3)\n    at router (E:\\Project\\UniProject\\second\\node_modules\\express\\lib\\router\\index.js:47:12)\n    at newFn (E:\\Project\\UniProject\\second\\node_modules\\express-async-errors\\index.js:16:20)\n    at Layer.handle [as handle_request] (E:\\Project\\UniProject\\second\\node_modules\\express\\lib\\router\\layer.js:95:5)\n    at trim_prefix (E:\\Project\\UniProject\\second\\node_modules\\express\\lib\\router\\index.js:317:13)\n    at E:\\Project\\UniProject\\second\\node_modules\\express\\lib\\router\\index.js:284:7"}
{"message":"db connected","level":"info"}
{"message":"db connected","level":"info"}
{"message":"db connected","level":"info"}
{"message":"db connected","level":"info"}
{"level":"error","message":"jwt is not defined jwt is not defined","stack":"ReferenceError: jwt is not defined\n    at registerUser (E:\\Project\\UniProject\\second\\app\\http\\controller\\UserController.js:28:9)\n    at processTicksAndRejections (internal/process/task_queues.js:93:5)"}
{"level":"error","message":"jwt is not defined jwt is not defined","stack":"ReferenceError: jwt is not defined\n    at registerUser (E:\\Project\\UniProject\\second\\app\\http\\controller\\UserController.js:28:9)\n    at processTicksAndRejections (internal/process/task_queues.js:93:5)"}
{"level":"error","message":"jwt is not defined jwt is not defined","stack":"ReferenceError: jwt is not defined\n    at registerUser (E:\\Project\\UniProject\\second\\app\\http\\controller\\UserController.js:28:9)\n    at processTicksAndRejections (internal/process/task_queues.js:93:5)"}
{"message":"db connected","level":"info"}
{"level":"error","message":"jwt is not defined jwt is not defined","stack":"ReferenceError: jwt is not defined\n    at registerUser (E:\\Project\\UniProject\\second\\app\\http\\controller\\UserController.js:28:9)\n    at processTicksAndRejections (internal/process/task_queues.js:93:5)"}
{"message":"db connected","level":"info"}
{"message":"db connected","level":"info"}
{"level":"error","message":"jwt is not defined jwt is not defined","stack":"ReferenceError: jwt is not defined\n    at registerUser (E:\\Project\\UniProject\\second\\app\\http\\controller\\UserController.js:28:8)\n    at processTicksAndRejections (internal/process/task_queues.js:93:5)"}
{"message":"db connected","level":"info"}
{"level":"error","message":"config is not defined config is not defined","stack":"ReferenceError: config is not defined\n    at registerUser (E:\\Project\\UniProject\\second\\app\\http\\controller\\UserController.js:29:23)\n    at processTicksAndRejections (internal/process/task_queues.js:93:5)"}
{"message":"db connected","level":"info"}
{"message":"db connected","level":"info"}
{"message":"db connected","level":"info"}
{"message":"db connected","level":"info"}
{"message":"db connected","level":"info"}
{"message":"db connected","level":"info"}
